function generarRGB() {
    var r = Math.floor(Math.random() * 2**8);
    var g = Math.floor(Math.random() * 2**8);
    var b = Math.floor(Math.random() * 2**8);
    return `rgb(${r},${g},${b})`;
};
undefined
generarRGB();
"rgb(161,199,245)"
let generarRGBArrow = () => {
    var r = Math.floor(Math.random() * 2**8);
    var g = Math.floor(Math.random() * 2**8);
    var b = Math.floor(Math.random() * 2**8);
    return `rgb(${r},${g},${b})`;
};
undefined
generarRGBArrow();
"rgb(250,159,19)"
function generarRGBHex() {
    var n = Math.floor(Math.random() * 16**6);
    var hex = "00000" + n.toString(16);
    return "#" + hex.slice(-6);
};
undefined
generarRGBHex();
"#cf8f52"
let generarRGBHexArrow = () => {
    var n = Math.floor(Math.random() * 16**6);
    var hex = "00000" + n.toString(16);
    return "#" + hex.slice(-6);
};
undefined
generarRGBHexArrow();
"#54e95a"
