let array = [];
undefined
/*
let n = 2;
let i = 0;
while (n <= 200) {
    if (n % 2 === 0) {
        array[i] = n;
        i++;
    }
    n++;
};
*/
undefined
for (let i = 2; i <= 200; i += 2) {
    array.push(i);
};
100
for (let n of array) {
    console.log(n);
};
VM697:2 2
VM697:2 4
VM697:2 6
VM697:2 8
VM697:2 10
VM697:2 12
VM697:2 14
VM697:2 16
VM697:2 18
VM697:2 20
VM697:2 22
VM697:2 24
VM697:2 26
VM697:2 28
VM697:2 30
VM697:2 32
VM697:2 34
VM697:2 36
VM697:2 38
VM697:2 40
VM697:2 42
VM697:2 44
VM697:2 46
VM697:2 48
VM697:2 50
VM697:2 52
VM697:2 54
VM697:2 56
VM697:2 58
VM697:2 60
VM697:2 62
VM697:2 64
VM697:2 66
VM697:2 68
VM697:2 70
VM697:2 72
VM697:2 74
VM697:2 76
VM697:2 78
VM697:2 80
VM697:2 82
VM697:2 84
VM697:2 86
VM697:2 88
VM697:2 90
VM697:2 92
VM697:2 94
VM697:2 96
VM697:2 98
VM697:2 100
VM697:2 102
VM697:2 104
VM697:2 106
VM697:2 108
VM697:2 110
VM697:2 112
VM697:2 114
VM697:2 116
VM697:2 118
VM697:2 120
VM697:2 122
VM697:2 124
VM697:2 126
VM697:2 128
VM697:2 130
VM697:2 132
VM697:2 134
VM697:2 136
VM697:2 138
VM697:2 140
VM697:2 142
VM697:2 144
VM697:2 146
VM697:2 148
VM697:2 150
VM697:2 152
VM697:2 154
VM697:2 156
VM697:2 158
VM697:2 160
VM697:2 162
VM697:2 164
VM697:2 166
VM697:2 168
VM697:2 170
VM697:2 172
VM697:2 174
VM697:2 176
VM697:2 178
VM697:2 180
VM697:2 182
VM697:2 184
VM697:2 186
VM697:2 188
VM697:2 190
VM697:2 192
VM697:2 194
VM697:2 196
VM697:2 198
VM697:2 200
undefined
